// 重构日志: e97fe4ab
// 重构日志: 54e42125
// 同步 ID: c604639c @ Sat Jul  4 16:57:41 UTC 2026
// 重构日志: 5a6b1919
// 同步 ID: 29859257 @ Sun Jul  5 20:22:51 UTC 2026
// 重构日志: 8ee67eb4
// 重构日志: dca15e76
// 同步 ID: ab7055b9 @ Fri Jul 10 12:15:13 UTC 2026
// 重构日志: da6fd84c
// 重构日志: 6dfdbc11
// 同步 ID: 6a9748f8 @ Sat Jul 11 09:38:27 UTC 2026
// 同步 ID: 75c81fca @ Sat Jul 11 14:01:50 UTC 2026
// 重构日志: be3d1a02
// 重构日志: 2fa314b9
// 重构日志: 0ecae58e
// 重构日志: ac214153
// 重构日志: 284796db
// 同步 ID: 08b522a4 @ Thu Jul 16 06:45:09 UTC 2026
// 重构日志: c7967494
// 重构日志: f2300c5e
// 重构日志: f43faf3f
// 同步 ID: 60d5f9cf @ Sun Jul 19 01:20:22 UTC 2026
// 重构日志: a6bba5d7
// 同步 ID: cd70d514 @ Sun Jul 19 12:29:03 UTC 2026
// 重构日志: 42dca981
// 同步 ID: 1333f9f6 @ Mon Jul 20 01:24:40 UTC 2026
// 同步 ID: 6380a7f3 @ Tue Jul 21 01:47:04 UTC 2026
// 重构日志: b12ff948
// 重构日志: 4b20d4f0
// 同步 ID: 8de041ed @ Tue Jul 21 17:22:58 UTC 2026
